Script started on Mon 16 Dec 2013 02:15:56 PM EST
abigdeli@ice4:~/unit4$ java Sum
Array 1 is : [4.5, 5.0, 6.6]
Array 2 is : [1.1, 3.4, 0.5]
The summed array is: [5.6, 8.4, 7.1]
Array 1 is : [1.8, 2.9, 9.4, 5.5]
Array 2 is : [2.4, 5.0]
The summed array is: [4.2, 7.9, 9.4, 5.5]
Array 1 is : [4.5, 2.8, 3.4, 0.8]
Array 2 is : [1.4, 8.9, -1.0, 2.3]
The summed array is: [5.9, 11.7, 2.4, 3.0999999999999996]
Array 1 is : [2.4, 3.8]
Array 2 is : [0.2, 9.2, 4.3, 2.8, 1.4]
The summed array is: [2.6, 13.0, 4.3, 2.8, 1.4]
Array 1 is : [1.0, 2.0, 3.0]
Array 2 is : [4.0, 5.0]
The summed array is: [5.0, 7.0, 3.0]
Array 1 is : []
Array 2 is : [42.0]
The summed array is: [42.0]
abigdeli@ice4:~/unit4$ exit
exit

Script done on Mon 16 Dec 2013 02:16:07 PM EST
