Script started on Mon 18 Nov 2013 03:54:09 PM EST
abigdeli@ice3:~/unit31$ java License
164-HXC
952-IXU
763-HLV
315-HIP
845-PXC
111-SNO
816-MXN
544-PBF
871-ZXZ
977-JGB
989-ITR
134-HFA
127-LFB
461-VKQ
621-RNB
547-WDE
465-OAZ
931-MNR
842-RHV
396-DGG
853-OBU
abigdeli@ice3:~/unit31$ java License
589-SSJ
639-VDE
162-ZDY
773-VKZ
415-QLX
994-NDJ
133-SHE
121-PIU
231-KHL
127-MMD
559-LTQ
831-VFT
875-INF
686-QNB
642-KZH
556-QWX
231-PNZ
883-OGV
933-NZY
186-OLD
132-ORX
abigdeli@ice3:~/unit31$ exit
exit

Script done on Mon 18 Nov 2013 03:54:25 PM EST
