Script started on Mon 14 Oct 2013 04:10:07 PM EDT
abigdeli@ice3:/nfs/home/a/b/abigdeli/unit21$ java Prob10
Controlling complexity is the essence of programming!
Controlling complexity is the essence of programming!
Controlling complexity is the essence of programming!
Controlling complexity is the essence of programming!
Controlling complexity is the essence of programming!
Controlling complexity is the essence of programming!
Controlling complexity is the essence of programming!
Controlling complexity is the essence of programming!
Controlling complexity is the essence of programming!
Controlling complexity is the essence of programming!
Controlling complexity is the essence of programming!
Controlling complexity is the essence of programming!
Controlling complexity is the essence of programming!
Controlling complexity is the essence of programming!
Controlling complexity is the essence of programming!
Controlling complexity is the essence of programming!
Controlling complexity is the essence of programming!
Controlling complexity is the essence of programming!
Controlling complexity is the essence of programming!
Controlling complexity is the essence of programming!
Controlling complexity is the essence of programming!
Controlling complexity is the essence of programming!
Controlling complexity is the essence of programming!
Controlling complexity is the essence of programming!
Controlling complexity is the essence of programming!
Controlling complexity is the essence of programming!
Controlling complexity is the essence of programming!
Controlling complexity is the essence of programming!
Controlling complexity is the essence of programming!
Controlling complexity is the essence of programming!
Controlling complexity is the essence of programming!
Controlling complexity is the essence of programming!
Controlling complexity is the essence of programming!
Controlling complexity is the essence of programming!
Controlling complexity is the essence of programming!
Controlling complexity is the essence of programming!
Controlling complexity is the essence of programming!
Controlling complexity is the essence of programming!
Controlling complexity is the essence of programming!
Controlling complexity is the essence of programming!
Controlling complexity is the essence of programming!
Controlling complexity is the essence of programming!
Controlling complexity is the essence of programming!
Controlling complexity is the essence of programming!
Controlling complexity is the essence of programming!
Controlling complexity is the essence of programming!
Controlling complexity is the essence of programming!
Controlling complexity is the essence of programming!
Controlling complexity is the essence of programming!
Controlling complexity is the essence of programming!
Controlling complexity is the essence of programming!
Controlling complexity is the essence of programming!
Controlling complexity is the essence of programming!
Controlling complexity is the essence of programming!
Controlling complexity is the essence of programming!
Controlling complexity is the essence of programming!
Controlling complexity is the essence of programming!
Controlling complexity is the essence of programming!
Controlling complexity is the essence of programming!
Controlling complexity is the essence of programming!
Controlling complexity is the essence of programming!
Controlling complexity is the essence of programming!
Controlling complexity is the essence of programming!
Controlling complexity is the essence of programming!
abigdeli@ice3:/nfs/home/a/b/abigdeli/unit21$ exit
exit

Script done on Mon 14 Oct 2013 04:10:13 PM EDT
